Copyright 1986-2022 Xilinx, Inc. All Rights Reserved. Copyright 2022-2025 Advanced Micro Devices, Inc. All Rights Reserved.
------------------------------------------------------------------------------------------------------------------------------------------------------------------------------------------------------------------------------------
| Tool Version : Vivado v.2025.1 (win64) Build 6140274 Thu May 22 00:12:29 MDT 2025
| Date         : Sun Oct 19 17:21:25 2025
| Host         : maumau running 64-bit major release  (build 9200)
| Command      : report_timing_summary -max_paths 10 -routable_nets -report_unconstrained -file datapath_timing_summary_routed.rpt -pb datapath_timing_summary_routed.pb -rpx datapath_timing_summary_routed.rpx -warn_on_violation
| Design       : datapath
| Device       : 7a35t-cpg236
| Speed File   : -1  PRODUCTION 1.23 2018-06-13
| Design State : Routed
------------------------------------------------------------------------------------------------------------------------------------------------------------------------------------------------------------------------------------

Timing Summary Report

------------------------------------------------------------------------------------------------
| Timer Settings
| --------------
------------------------------------------------------------------------------------------------

  Enable Multi Corner Analysis               :  Yes
  Enable Pessimism Removal                   :  Yes
  Pessimism Removal Resolution               :  Nearest Common Node
  Enable Input Delay Default Clock           :  No
  Enable Preset / Clear Arcs                 :  No
  Disable Flight Delays                      :  No
  Ignore I/O Paths                           :  No
  Timing Early Launch at Borrowing Latches   :  No
  Borrow Time for Max Delay Exceptions       :  Yes
  Merge Timing Exceptions                    :  Yes
  Inter-SLR Compensation                     :  Conservative

  Corner  Analyze    Analyze    
  Name    Max Paths  Min Paths  
  ------  ---------  ---------  
  Slow    Yes        Yes        
  Fast    Yes        Yes        


------------------------------------------------------------------------------------------------
| Report Methodology
| ------------------
------------------------------------------------------------------------------------------------

Rule       Severity          Description                  Violations  
---------  ----------------  ---------------------------  ----------  
TIMING-17  Critical Warning  Non-clocked sequential cell  24          

Note: This report is based on the most recent report_methodology run and may not be up-to-date. Run report_methodology on the current design for the latest report.



check_timing report

Table of Contents
-----------------
1. checking no_clock (24)
2. checking constant_clock (0)
3. checking pulse_width_clock (0)
4. checking unconstrained_internal_endpoints (72)
5. checking no_input_delay (22)
6. checking no_output_delay (10)
7. checking multiple_clock (0)
8. checking generated_clocks (0)
9. checking loops (0)
10. checking partial_input_delay (0)
11. checking partial_output_delay (0)
12. checking latch_loops (0)

1. checking no_clock (24)
-------------------------
 There are 24 register/latch pins with no clock driven by root clock pin: clk (HIGH)


2. checking constant_clock (0)
------------------------------
 There are 0 register/latch pins with constant_clock.


3. checking pulse_width_clock (0)
---------------------------------
 There are 0 register/latch pins which need pulse_width check


4. checking unconstrained_internal_endpoints (72)
-------------------------------------------------
 There are 72 pins that are not constrained for maximum delay. (HIGH)

 There are 0 pins that are not constrained for maximum delay due to constant clock.


5. checking no_input_delay (22)
-------------------------------
 There are 22 input ports with no input delay specified. (HIGH)

 There are 0 input ports with no input delay but user has a false path constraint.


6. checking no_output_delay (10)
--------------------------------
 There are 10 ports with no output delay specified. (HIGH)

 There are 0 ports with no output delay but user has a false path constraint

 There are 0 ports with no output delay but with a timing clock defined on it or propagating through it


7. checking multiple_clock (0)
------------------------------
 There are 0 register/latch pins with multiple clocks.


8. checking generated_clocks (0)
--------------------------------
 There are 0 generated clocks that are not connected to a clock source.


9. checking loops (0)
---------------------
 There are 0 combinational loops in the design.


10. checking partial_input_delay (0)
------------------------------------
 There are 0 input ports with partial input delay specified.


11. checking partial_output_delay (0)
-------------------------------------
 There are 0 ports with partial output delay specified.


12. checking latch_loops (0)
----------------------------
 There are 0 combinational latch loops in the design through latch input



------------------------------------------------------------------------------------------------
| Design Timing Summary
| ---------------------
------------------------------------------------------------------------------------------------

    WNS(ns)      TNS(ns)  TNS Failing Endpoints  TNS Total Endpoints      WHS(ns)      THS(ns)  THS Failing Endpoints  THS Total Endpoints     WPWS(ns)     TPWS(ns)  TPWS Failing Endpoints  TPWS Total Endpoints  
    -------      -------  ---------------------  -------------------      -------      -------  ---------------------  -------------------     --------     --------  ----------------------  --------------------  
        inf        0.000                      0                   82          inf        0.000                      0                   82           NA           NA                      NA                    NA  


There are no user specified timing constraints.


------------------------------------------------------------------------------------------------
| Clock Summary
| -------------
------------------------------------------------------------------------------------------------


------------------------------------------------------------------------------------------------
| Intra Clock Table
| -----------------
------------------------------------------------------------------------------------------------

Clock             WNS(ns)      TNS(ns)  TNS Failing Endpoints  TNS Total Endpoints      WHS(ns)      THS(ns)  THS Failing Endpoints  THS Total Endpoints     WPWS(ns)     TPWS(ns)  TPWS Failing Endpoints  TPWS Total Endpoints  
-----             -------      -------  ---------------------  -------------------      -------      -------  ---------------------  -------------------     --------     --------  ----------------------  --------------------  


------------------------------------------------------------------------------------------------
| Inter Clock Table
| -----------------
------------------------------------------------------------------------------------------------

From Clock    To Clock          WNS(ns)      TNS(ns)  TNS Failing Endpoints  TNS Total Endpoints      WHS(ns)      THS(ns)  THS Failing Endpoints  THS Total Endpoints  
----------    --------          -------      -------  ---------------------  -------------------      -------      -------  ---------------------  -------------------  


------------------------------------------------------------------------------------------------
| Other Path Groups Table
| -----------------------
------------------------------------------------------------------------------------------------

Path Group    From Clock    To Clock          WNS(ns)      TNS(ns)  TNS Failing Endpoints  TNS Total Endpoints      WHS(ns)      THS(ns)  THS Failing Endpoints  THS Total Endpoints  
----------    ----------    --------          -------      -------  ---------------------  -------------------      -------      -------  ---------------------  -------------------  


------------------------------------------------------------------------------------------------
| User Ignored Path Table
| -----------------------
------------------------------------------------------------------------------------------------

Path Group    From Clock    To Clock    
----------    ----------    --------    


------------------------------------------------------------------------------------------------
| Unconstrained Path Table
| ------------------------
------------------------------------------------------------------------------------------------

Path Group    From Clock    To Clock    
----------    ----------    --------    
(none)                                    


------------------------------------------------------------------------------------------------
| Timing Details
| --------------
------------------------------------------------------------------------------------------------


--------------------------------------------------------------------------------------
Path Group:  (none)
From Clock:  
  To Clock:  

Max Delay            82 Endpoints
Min Delay            82 Endpoints
--------------------------------------------------------------------------------------


Max Delay Paths
--------------------------------------------------------------------------------------
Slack:                    inf
  Source:                 x_reg[0]/C
                            (rising edge-triggered cell FDCE)
  Destination:            ltflg
                            (output port)
  Path Group:             (none)
  Path Type:              Max at Slow Process Corner
  Data Path Delay:        7.272ns  (logic 3.699ns (50.872%)  route 3.572ns (49.128%))
  Logic Levels:           4  (CARRY4=1 FDCE=1 LUT4=1 OBUF=1)

    Location             Delay type                Incr(ns)  Path(ns)    Netlist Resource(s)
  -------------------------------------------------------------------    -------------------
    SLICE_X1Y12          FDCE                         0.000     0.000 r  x_reg[0]/C
    SLICE_X1Y12          FDCE (Prop_fdce_C_Q)         0.456     0.456 r  x_reg[0]/Q
                         net (fo=7, routed)           1.119     1.575    x[0]
    SLICE_X1Y15          LUT4 (Prop_lut4_I1_O)        0.124     1.699 r  ltflg_OBUF_inst_i_9/O
                         net (fo=1, routed)           0.000     1.699    ltflg_OBUF_inst_i_9_n_0
    SLICE_X1Y15          CARRY4 (Prop_carry4_S[0]_CO[3])
                                                      0.532     2.231 r  ltflg_OBUF_inst_i_1/CO[3]
                         net (fo=1, routed)           2.453     4.684    ltflg_OBUF
    N18                  OBUF (Prop_obuf_I_O)         2.587     7.272 r  ltflg_OBUF_inst/O
                         net (fo=0)                   0.000     7.272    ltflg
    N18                                                               r  ltflg (OUT)
  -------------------------------------------------------------------    -------------------

Slack:                    inf
  Source:                 y_reg[4]/C
                            (rising edge-triggered cell FDCE)
  Destination:            eqflg
                            (output port)
  Path Group:             (none)
  Path Type:              Max at Slow Process Corner
  Data Path Delay:        6.976ns  (logic 3.299ns (47.296%)  route 3.677ns (52.704%))
  Logic Levels:           4  (FDCE=1 LUT6=2 OBUF=1)

    Location             Delay type                Incr(ns)  Path(ns)    Netlist Resource(s)
  -------------------------------------------------------------------    -------------------
    SLICE_X0Y16          FDCE                         0.000     0.000 r  y_reg[4]/C
    SLICE_X0Y16          FDCE (Prop_fdce_C_Q)         0.456     0.456 r  y_reg[4]/Q
                         net (fo=6, routed)           0.972     1.428    y[4]
    SLICE_X1Y14          LUT6 (Prop_lut6_I4_O)        0.124     1.552 r  eqflg_OBUF_inst_i_2/O
                         net (fo=1, routed)           0.433     1.985    eqflg_OBUF_inst_i_2_n_0
    SLICE_X1Y14          LUT6 (Prop_lut6_I4_O)        0.124     2.109 r  eqflg_OBUF_inst_i_1/O
                         net (fo=1, routed)           2.272     4.381    eqflg_OBUF
    N19                  OBUF (Prop_obuf_I_O)         2.595     6.976 r  eqflg_OBUF_inst/O
                         net (fo=0)                   0.000     6.976    eqflg
    N19                                                               r  eqflg (OUT)
  -------------------------------------------------------------------    -------------------

Slack:                    inf
  Source:                 g_reg[4]/C
                            (rising edge-triggered cell FDCE)
  Destination:            gcd[4]
                            (output port)
  Path Group:             (none)
  Path Type:              Max at Slow Process Corner
  Data Path Delay:        5.323ns  (logic 3.218ns (60.449%)  route 2.105ns (39.551%))
  Logic Levels:           2  (FDCE=1 OBUF=1)

    Location             Delay type                Incr(ns)  Path(ns)    Netlist Resource(s)
  -------------------------------------------------------------------    -------------------
    SLICE_X1Y16          FDCE                         0.000     0.000 r  g_reg[4]/C
    SLICE_X1Y16          FDCE (Prop_fdce_C_Q)         0.419     0.419 r  g_reg[4]/Q
                         net (fo=1, routed)           2.105     2.524    gcd_OBUF[4]
    L17                  OBUF (Prop_obuf_I_O)         2.799     5.323 r  gcd_OBUF[4]_inst/O
                         net (fo=0)                   0.000     5.323    gcd[4]
    L17                                                               r  gcd[4] (OUT)
  -------------------------------------------------------------------    -------------------

Slack:                    inf
  Source:                 g_reg[6]/C
                            (rising edge-triggered cell FDCE)
  Destination:            gcd[6]
                            (output port)
  Path Group:             (none)
  Path Type:              Max at Slow Process Corner
  Data Path Delay:        5.285ns  (logic 3.187ns (60.312%)  route 2.097ns (39.688%))
  Logic Levels:           2  (FDCE=1 OBUF=1)

    Location             Delay type                Incr(ns)  Path(ns)    Netlist Resource(s)
  -------------------------------------------------------------------    -------------------
    SLICE_X1Y16          FDCE                         0.000     0.000 r  g_reg[6]/C
    SLICE_X1Y16          FDCE (Prop_fdce_C_Q)         0.419     0.419 r  g_reg[6]/Q
                         net (fo=1, routed)           2.097     2.516    gcd_OBUF[6]
    R19                  OBUF (Prop_obuf_I_O)         2.768     5.285 r  gcd_OBUF[6]_inst/O
                         net (fo=0)                   0.000     5.285    gcd[6]
    R19                                                               r  gcd[6] (OUT)
  -------------------------------------------------------------------    -------------------

Slack:                    inf
  Source:                 g_reg[3]/C
                            (rising edge-triggered cell FDCE)
  Destination:            gcd[3]
                            (output port)
  Path Group:             (none)
  Path Type:              Max at Slow Process Corner
  Data Path Delay:        5.182ns  (logic 3.086ns (59.554%)  route 2.096ns (40.446%))
  Logic Levels:           2  (FDCE=1 OBUF=1)

    Location             Delay type                Incr(ns)  Path(ns)    Netlist Resource(s)
  -------------------------------------------------------------------    -------------------
    SLICE_X1Y16          FDCE                         0.000     0.000 r  g_reg[3]/C
    SLICE_X1Y16          FDCE (Prop_fdce_C_Q)         0.456     0.456 r  g_reg[3]/Q
                         net (fo=1, routed)           2.096     2.552    gcd_OBUF[3]
    K17                  OBUF (Prop_obuf_I_O)         2.630     5.182 r  gcd_OBUF[3]_inst/O
                         net (fo=0)                   0.000     5.182    gcd[3]
    K17                                                               r  gcd[3] (OUT)
  -------------------------------------------------------------------    -------------------

Slack:                    inf
  Source:                 g_reg[7]/C
                            (rising edge-triggered cell FDCE)
  Destination:            gcd[7]
                            (output port)
  Path Group:             (none)
  Path Type:              Max at Slow Process Corner
  Data Path Delay:        5.150ns  (logic 3.046ns (59.134%)  route 2.105ns (40.866%))
  Logic Levels:           2  (FDCE=1 OBUF=1)

    Location             Delay type                Incr(ns)  Path(ns)    Netlist Resource(s)
  -------------------------------------------------------------------    -------------------
    SLICE_X0Y17          FDCE                         0.000     0.000 r  g_reg[7]/C
    SLICE_X0Y17          FDCE (Prop_fdce_C_Q)         0.456     0.456 r  g_reg[7]/Q
                         net (fo=1, routed)           2.105     2.561    gcd_OBUF[7]
    P19                  OBUF (Prop_obuf_I_O)         2.590     5.150 r  gcd_OBUF[7]_inst/O
                         net (fo=0)                   0.000     5.150    gcd[7]
    P19                                                               r  gcd[7] (OUT)
  -------------------------------------------------------------------    -------------------

Slack:                    inf
  Source:                 g_reg[2]/C
                            (rising edge-triggered cell FDCE)
  Destination:            gcd[2]
                            (output port)
  Path Group:             (none)
  Path Type:              Max at Slow Process Corner
  Data Path Delay:        5.052ns  (logic 3.041ns (60.201%)  route 2.011ns (39.799%))
  Logic Levels:           2  (FDCE=1 OBUF=1)

    Location             Delay type                Incr(ns)  Path(ns)    Netlist Resource(s)
  -------------------------------------------------------------------    -------------------
    SLICE_X1Y16          FDCE                         0.000     0.000 r  g_reg[2]/C
    SLICE_X1Y16          FDCE (Prop_fdce_C_Q)         0.456     0.456 r  g_reg[2]/Q
                         net (fo=1, routed)           2.011     2.467    gcd_OBUF[2]
    N17                  OBUF (Prop_obuf_I_O)         2.585     5.052 r  gcd_OBUF[2]_inst/O
                         net (fo=0)                   0.000     5.052    gcd[2]
    N17                                                               r  gcd[2] (OUT)
  -------------------------------------------------------------------    -------------------

Slack:                    inf
  Source:                 g_reg[5]/C
                            (rising edge-triggered cell FDCE)
  Destination:            gcd[5]
                            (output port)
  Path Group:             (none)
  Path Type:              Max at Slow Process Corner
  Data Path Delay:        5.014ns  (logic 3.068ns (61.183%)  route 1.946ns (38.817%))
  Logic Levels:           2  (FDCE=1 OBUF=1)

    Location             Delay type                Incr(ns)  Path(ns)    Netlist Resource(s)
  -------------------------------------------------------------------    -------------------
    SLICE_X0Y17          FDCE                         0.000     0.000 r  g_reg[5]/C
    SLICE_X0Y17          FDCE (Prop_fdce_C_Q)         0.456     0.456 r  g_reg[5]/Q
                         net (fo=1, routed)           1.946     2.402    gcd_OBUF[5]
    M19                  OBUF (Prop_obuf_I_O)         2.612     5.014 r  gcd_OBUF[5]_inst/O
                         net (fo=0)                   0.000     5.014    gcd[5]
    M19                                                               r  gcd[5] (OUT)
  -------------------------------------------------------------------    -------------------

Slack:                    inf
  Source:                 g_reg[1]/C
                            (rising edge-triggered cell FDCE)
  Destination:            gcd[1]
                            (output port)
  Path Group:             (none)
  Path Type:              Max at Slow Process Corner
  Data Path Delay:        4.924ns  (logic 3.046ns (61.853%)  route 1.878ns (38.147%))
  Logic Levels:           2  (FDCE=1 OBUF=1)

    Location             Delay type                Incr(ns)  Path(ns)    Netlist Resource(s)
  -------------------------------------------------------------------    -------------------
    SLICE_X1Y16          FDCE                         0.000     0.000 r  g_reg[1]/C
    SLICE_X1Y16          FDCE (Prop_fdce_C_Q)         0.456     0.456 r  g_reg[1]/Q
                         net (fo=1, routed)           1.878     2.334    gcd_OBUF[1]
    P17                  OBUF (Prop_obuf_I_O)         2.590     4.924 r  gcd_OBUF[1]_inst/O
                         net (fo=0)                   0.000     4.924    gcd[1]
    P17                                                               r  gcd[1] (OUT)
  -------------------------------------------------------------------    -------------------

Slack:                    inf
  Source:                 g_reg[0]/C
                            (rising edge-triggered cell FDCE)
  Destination:            gcd[0]
                            (output port)
  Path Group:             (none)
  Path Type:              Max at Slow Process Corner
  Data Path Delay:        4.915ns  (logic 3.063ns (62.315%)  route 1.852ns (37.685%))
  Logic Levels:           2  (FDCE=1 OBUF=1)

    Location             Delay type                Incr(ns)  Path(ns)    Netlist Resource(s)
  -------------------------------------------------------------------    -------------------
    SLICE_X1Y16          FDCE                         0.000     0.000 r  g_reg[0]/C
    SLICE_X1Y16          FDCE (Prop_fdce_C_Q)         0.456     0.456 r  g_reg[0]/Q
                         net (fo=1, routed)           1.852     2.308    gcd_OBUF[0]
    P18                  OBUF (Prop_obuf_I_O)         2.607     4.915 r  gcd_OBUF[0]_inst/O
                         net (fo=0)                   0.000     4.915    gcd[0]
    P18                                                               r  gcd[0] (OUT)
  -------------------------------------------------------------------    -------------------





Min Delay Paths
--------------------------------------------------------------------------------------
Slack:                    inf
  Source:                 x_reg[2]/C
                            (rising edge-triggered cell FDCE)
  Destination:            g_reg[2]/D
  Path Group:             (none)
  Path Type:              Min at Fast Process Corner
  Data Path Delay:        0.358ns  (logic 0.141ns (39.423%)  route 0.217ns (60.577%))
  Logic Levels:           1  (FDCE=1)

    Location             Delay type                Incr(ns)  Path(ns)    Netlist Resource(s)
  -------------------------------------------------------------------    -------------------
    SLICE_X1Y12          FDCE                         0.000     0.000 r  x_reg[2]/C
    SLICE_X1Y12          FDCE (Prop_fdce_C_Q)         0.141     0.141 r  x_reg[2]/Q
                         net (fo=7, routed)           0.217     0.358    x[2]
    SLICE_X1Y16          FDCE                                         r  g_reg[2]/D
  -------------------------------------------------------------------    -------------------

Slack:                    inf
  Source:                 x_reg[5]/C
                            (rising edge-triggered cell FDCE)
  Destination:            g_reg[5]/D
  Path Group:             (none)
  Path Type:              Min at Fast Process Corner
  Data Path Delay:        0.366ns  (logic 0.141ns (38.569%)  route 0.225ns (61.431%))
  Logic Levels:           1  (FDCE=1)

    Location             Delay type                Incr(ns)  Path(ns)    Netlist Resource(s)
  -------------------------------------------------------------------    -------------------
    SLICE_X1Y13          FDCE                         0.000     0.000 r  x_reg[5]/C
    SLICE_X1Y13          FDCE (Prop_fdce_C_Q)         0.141     0.141 r  x_reg[5]/Q
                         net (fo=7, routed)           0.225     0.366    x[5]
    SLICE_X0Y17          FDCE                                         r  g_reg[5]/D
  -------------------------------------------------------------------    -------------------

Slack:                    inf
  Source:                 x_reg[4]/C
                            (rising edge-triggered cell FDCE)
  Destination:            g_reg[4]/D
  Path Group:             (none)
  Path Type:              Min at Fast Process Corner
  Data Path Delay:        0.379ns  (logic 0.141ns (37.237%)  route 0.238ns (62.763%))
  Logic Levels:           1  (FDCE=1)

    Location             Delay type                Incr(ns)  Path(ns)    Netlist Resource(s)
  -------------------------------------------------------------------    -------------------
    SLICE_X1Y13          FDCE                         0.000     0.000 r  x_reg[4]/C
    SLICE_X1Y13          FDCE (Prop_fdce_C_Q)         0.141     0.141 r  x_reg[4]/Q
                         net (fo=7, routed)           0.238     0.379    x[4]
    SLICE_X1Y16          FDCE                                         r  g_reg[4]/D
  -------------------------------------------------------------------    -------------------

Slack:                    inf
  Source:                 x_reg[7]/C
                            (rising edge-triggered cell FDCE)
  Destination:            g_reg[7]/D
  Path Group:             (none)
  Path Type:              Min at Fast Process Corner
  Data Path Delay:        0.407ns  (logic 0.141ns (34.686%)  route 0.266ns (65.314%))
  Logic Levels:           1  (FDCE=1)

    Location             Delay type                Incr(ns)  Path(ns)    Netlist Resource(s)
  -------------------------------------------------------------------    -------------------
    SLICE_X1Y13          FDCE                         0.000     0.000 r  x_reg[7]/C
    SLICE_X1Y13          FDCE (Prop_fdce_C_Q)         0.141     0.141 r  x_reg[7]/Q
                         net (fo=6, routed)           0.266     0.407    x[7]
    SLICE_X0Y17          FDCE                                         r  g_reg[7]/D
  -------------------------------------------------------------------    -------------------

Slack:                    inf
  Source:                 x_reg[6]/C
                            (rising edge-triggered cell FDCE)
  Destination:            g_reg[6]/D
  Path Group:             (none)
  Path Type:              Min at Fast Process Corner
  Data Path Delay:        0.415ns  (logic 0.141ns (33.984%)  route 0.274ns (66.016%))
  Logic Levels:           1  (FDCE=1)

    Location             Delay type                Incr(ns)  Path(ns)    Netlist Resource(s)
  -------------------------------------------------------------------    -------------------
    SLICE_X1Y13          FDCE                         0.000     0.000 r  x_reg[6]/C
    SLICE_X1Y13          FDCE (Prop_fdce_C_Q)         0.141     0.141 r  x_reg[6]/Q
                         net (fo=7, routed)           0.274     0.415    x[6]
    SLICE_X1Y16          FDCE                                         r  g_reg[6]/D
  -------------------------------------------------------------------    -------------------

Slack:                    inf
  Source:                 x_reg[3]/C
                            (rising edge-triggered cell FDCE)
  Destination:            x_reg[3]/D
  Path Group:             (none)
  Path Type:              Min at Fast Process Corner
  Data Path Delay:        0.419ns  (logic 0.249ns (59.384%)  route 0.170ns (40.616%))
  Logic Levels:           3  (CARRY4=1 FDCE=1 LUT4=1)

    Location             Delay type                Incr(ns)  Path(ns)    Netlist Resource(s)
  -------------------------------------------------------------------    -------------------
    SLICE_X1Y12          FDCE                         0.000     0.000 r  x_reg[3]/C
    SLICE_X1Y12          FDCE (Prop_fdce_C_Q)         0.141     0.141 r  x_reg[3]/Q
                         net (fo=7, routed)           0.170     0.311    x[3]
    SLICE_X1Y12          LUT4 (Prop_lut4_I1_O)        0.045     0.356 r  x[3]_i_7/O
                         net (fo=1, routed)           0.000     0.356    x[3]_i_7_n_0
    SLICE_X1Y12          CARRY4 (Prop_carry4_S[3]_O[3])
                                                      0.063     0.419 r  x_reg[3]_i_1/O[3]
                         net (fo=1, routed)           0.000     0.419    x_reg[3]_i_1_n_4
    SLICE_X1Y12          FDCE                                         r  x_reg[3]/D
  -------------------------------------------------------------------    -------------------

Slack:                    inf
  Source:                 y_reg[7]/C
                            (rising edge-triggered cell FDCE)
  Destination:            y_reg[7]/D
  Path Group:             (none)
  Path Type:              Min at Fast Process Corner
  Data Path Delay:        0.422ns  (logic 0.249ns (58.995%)  route 0.173ns (41.005%))
  Logic Levels:           3  (CARRY4=1 FDCE=1 LUT4=1)

    Location             Delay type                Incr(ns)  Path(ns)    Netlist Resource(s)
  -------------------------------------------------------------------    -------------------
    SLICE_X0Y16          FDCE                         0.000     0.000 r  y_reg[7]/C
    SLICE_X0Y16          FDCE (Prop_fdce_C_Q)         0.141     0.141 r  y_reg[7]/Q
                         net (fo=5, routed)           0.173     0.314    y[7]
    SLICE_X0Y16          LUT4 (Prop_lut4_I1_O)        0.045     0.359 r  y[7]_i_5/O
                         net (fo=1, routed)           0.000     0.359    y[7]_i_5_n_0
    SLICE_X0Y16          CARRY4 (Prop_carry4_S[3]_O[3])
                                                      0.063     0.422 r  y_reg[7]_i_1/O[3]
                         net (fo=1, routed)           0.000     0.422    y_reg[7]_i_1_n_4
    SLICE_X0Y16          FDCE                                         r  y_reg[7]/D
  -------------------------------------------------------------------    -------------------

Slack:                    inf
  Source:                 x_reg[4]/C
                            (rising edge-triggered cell FDCE)
  Destination:            x_reg[4]/D
  Path Group:             (none)
  Path Type:              Min at Fast Process Corner
  Data Path Delay:        0.424ns  (logic 0.256ns (60.343%)  route 0.168ns (39.657%))
  Logic Levels:           3  (CARRY4=1 FDCE=1 LUT4=1)

    Location             Delay type                Incr(ns)  Path(ns)    Netlist Resource(s)
  -------------------------------------------------------------------    -------------------
    SLICE_X1Y13          FDCE                         0.000     0.000 r  x_reg[4]/C
    SLICE_X1Y13          FDCE (Prop_fdce_C_Q)         0.141     0.141 r  x_reg[4]/Q
                         net (fo=7, routed)           0.168     0.309    x[4]
    SLICE_X1Y13          LUT4 (Prop_lut4_I1_O)        0.045     0.354 r  x[7]_i_8/O
                         net (fo=1, routed)           0.000     0.354    x[7]_i_8_n_0
    SLICE_X1Y13          CARRY4 (Prop_carry4_S[0]_O[0])
                                                      0.070     0.424 r  x_reg[7]_i_1/O[0]
                         net (fo=1, routed)           0.000     0.424    x_reg[7]_i_1_n_7
    SLICE_X1Y13          FDCE                                         r  x_reg[4]/D
  -------------------------------------------------------------------    -------------------

Slack:                    inf
  Source:                 x_reg[0]/C
                            (rising edge-triggered cell FDCE)
  Destination:            x_reg[0]/D
  Path Group:             (none)
  Path Type:              Min at Fast Process Corner
  Data Path Delay:        0.424ns  (logic 0.256ns (60.334%)  route 0.168ns (39.666%))
  Logic Levels:           3  (CARRY4=1 FDCE=1 LUT4=1)

    Location             Delay type                Incr(ns)  Path(ns)    Netlist Resource(s)
  -------------------------------------------------------------------    -------------------
    SLICE_X1Y12          FDCE                         0.000     0.000 r  x_reg[0]/C
    SLICE_X1Y12          FDCE (Prop_fdce_C_Q)         0.141     0.141 r  x_reg[0]/Q
                         net (fo=7, routed)           0.168     0.309    x[0]
    SLICE_X1Y12          LUT4 (Prop_lut4_I1_O)        0.045     0.354 r  x[3]_i_10/O
                         net (fo=1, routed)           0.000     0.354    x[3]_i_10_n_0
    SLICE_X1Y12          CARRY4 (Prop_carry4_S[0]_O[0])
                                                      0.070     0.424 r  x_reg[3]_i_1/O[0]
                         net (fo=1, routed)           0.000     0.424    x_reg[3]_i_1_n_7
    SLICE_X1Y12          FDCE                                         r  x_reg[0]/D
  -------------------------------------------------------------------    -------------------

Slack:                    inf
  Source:                 x_reg[7]/C
                            (rising edge-triggered cell FDCE)
  Destination:            x_reg[7]/D
  Path Group:             (none)
  Path Type:              Min at Fast Process Corner
  Data Path Delay:        0.431ns  (logic 0.249ns (57.714%)  route 0.182ns (42.286%))
  Logic Levels:           3  (CARRY4=1 FDCE=1 LUT4=1)

    Location             Delay type                Incr(ns)  Path(ns)    Netlist Resource(s)
  -------------------------------------------------------------------    -------------------
    SLICE_X1Y13          FDCE                         0.000     0.000 r  x_reg[7]/C
    SLICE_X1Y13          FDCE (Prop_fdce_C_Q)         0.141     0.141 r  x_reg[7]/Q
                         net (fo=6, routed)           0.182     0.323    x[7]
    SLICE_X1Y13          LUT4 (Prop_lut4_I1_O)        0.045     0.368 r  x[7]_i_5/O
                         net (fo=1, routed)           0.000     0.368    x[7]_i_5_n_0
    SLICE_X1Y13          CARRY4 (Prop_carry4_S[3]_O[3])
                                                      0.063     0.431 r  x_reg[7]_i_1/O[3]
                         net (fo=1, routed)           0.000     0.431    x_reg[7]_i_1_n_4
    SLICE_X1Y13          FDCE                                         r  x_reg[7]/D
  -------------------------------------------------------------------    -------------------





